<?xml version="1.0" encoding="UTF-8"?>
<!-- Generated by org.testng.reporters.JUnitReportReporter -->
<testsuite skipped="0" hostname="vpesala01-mbp.local" name="com.plivo.TestCalling" tests="1" failures="0" timestamp="24 Jul 2019 11:16:45 GMT" time="7.209" errors="0">
  <testcase name="TestLoginScenario" time="7.209" classname="com.plivo.TestCalling"/>
</testsuite> <!-- com.plivo.TestCalling -->
